<?xml version="1.0" encoding="utf-8" standalone="no"?>
<!--This file represents the results of running a test suite-->
<test-results name="C:\Code\GitHub\CarComparison\CarComparison.Tests\bin\Debug\CarComparison.Tests.dll" total="2" errors="1" failures="0" not-run="0" inconclusive="0" ignored="0" skipped="0" invalid="0" date="2014-03-16" time="18:48:20">
  <environment nunit-version="2.6.3.13283" clr-version="2.0.50727.6413" os-version="Microsoft Windows NT 6.2.9200.0" platform="Win32NT" cwd="C:\Program Files (x86)\NUnit 2.6.3\bin" machine-name="DARREN-LAPTOP" user="dackers" user-domain="Darren-Laptop" />
  <culture-info current-culture="en-GB" current-uiculture="en-US" />
  <test-suite type="Assembly" name="C:\Code\GitHub\CarComparison\CarComparison.Tests\bin\Debug\CarComparison.Tests.dll" executed="True" result="Failure" success="False" time="1.012" asserts="0">
    <results>
      <test-suite type="Namespace" name="CarComparison" executed="True" result="Failure" success="False" time="0.993" asserts="0">
        <results>
          <test-suite type="Namespace" name="Tests" executed="True" result="Failure" success="False" time="0.992" asserts="0">
            <results>
              <test-suite type="Namespace" name="Controllers" executed="True" result="Failure" success="False" time="0.992" asserts="0">
                <results>
                  <test-suite type="TestFixture" name="HomeControllerTest" executed="True" result="Failure" success="False" time="0.989" asserts="0">
                    <results>
                      <test-case name="CarComparison.Tests.Controllers.HomeControllerTest.Default_Search_Loads_As_Expected" executed="True" result="Error" success="False" time="0.938" asserts="0">
                        <failure>
                          <message><![CDATA[System.NullReferenceException : Object reference not set to an instance of an object.]]></message>
                          <stack-trace><![CDATA[at System.Object.GetType()
at CarComparison.Tests.Controllers.HomeControllerTest.Default_Search_Loads_As_Expected() in c:\Code\GitHub\CarComparison\CarComparison.Tests\Controllers\HomeControllerTest.cs:line 59
]]></stack-trace>
                        </failure>
                      </test-case>
                      <test-case name="CarComparison.Tests.Controllers.HomeControllerTest.Index" executed="True" result="Success" success="True" time="0.010" asserts="0" />
                    </results>
                  </test-suite>
                </results>
              </test-suite>
            </results>
          </test-suite>
        </results>
      </test-suite>
    </results>
  </test-suite>
</test-results>