<?xml version="1.0" encoding="utf-8" standalone="no"?>
<!--This file represents the results of running a test suite-->
<test-results name="C:\Code\GitHub\CarComparison\CarCompairsonAPI.Tests\bin\Debug\CarCompairsonAPI.Tests.dll" total="1" errors="0" failures="0" not-run="0" inconclusive="0" ignored="0" skipped="0" invalid="0" date="2014-03-16" time="17:02:56">
  <environment nunit-version="2.6.3.13283" clr-version="2.0.50727.6413" os-version="Microsoft Windows NT 6.2.9200.0" platform="Win32NT" cwd="C:\Program Files (x86)\NUnit 2.6.3\bin" machine-name="DARREN-LAPTOP" user="dackers" user-domain="Darren-Laptop" />
  <culture-info current-culture="en-GB" current-uiculture="en-US" />
  <test-suite type="Assembly" name="C:\Code\GitHub\CarComparison\CarCompairsonAPI.Tests\bin\Debug\CarCompairsonAPI.Tests.dll" executed="True" result="Success" success="True" time="2.087" asserts="0">
    <results>
      <test-suite type="Namespace" name="CarCompairsonAPI" executed="True" result="Success" success="True" time="2.068" asserts="0">
        <results>
          <test-suite type="Namespace" name="Tests" executed="True" result="Success" success="True" time="2.068" asserts="0">
            <results>
              <test-suite type="Namespace" name="Controllers" executed="True" result="Success" success="True" time="2.068" asserts="0">
                <results>
                  <test-suite type="TestFixture" name="SearchControllerTest" executed="True" result="Success" success="True" time="2.065" asserts="0">
                    <results>
                      <test-case name="CarCompairsonAPI.Tests.Controllers.SearchControllerTest.Get" executed="True" result="Success" success="True" time="2.054" asserts="0" />
                    </results>
                  </test-suite>
                </results>
              </test-suite>
            </results>
          </test-suite>
        </results>
      </test-suite>
    </results>
  </test-suite>
</test-results>